2018-05-23 08:45:10,051+0200 INFO  mkfntmap - starting with command line: mkfntmap
2018-05-23 08:45:10,051+0200 INFO  mkfntmap - Parsing config file D:\AnsysDev\documentation\Windows-texeditor\miktex-portable\texmfs\install\miktex\config\updmap.cfg...
2018-05-23 08:45:10,082+0200 INFO  mkfntmap - Parsing D:\AnsysDev\documentation\Windows-texeditor\miktex-portable\texmfs\install\fonts\map\dvips\tetex\dvips35.map...
2018-05-23 08:45:10,098+0200 INFO  mkfntmap - Parsing D:\AnsysDev\documentation\Windows-texeditor\miktex-portable\texmfs\install\fonts\map\dvips\tetex\pdftex35.map...
2018-05-23 08:45:10,098+0200 INFO  mkfntmap - Parsing D:\AnsysDev\documentation\Windows-texeditor\miktex-portable\texmfs\install\fonts\map\dvips\tetex\dvipdfm35.map...
2018-05-23 08:45:10,113+0200 INFO  mkfntmap - Parsing D:\AnsysDev\documentation\Windows-texeditor\miktex-portable\texmfs\install\fonts\map\dvips\tetex\ps2pk35.map...
2018-05-23 08:45:10,145+0200 INFO  mkfntmap - Parsing D:\AnsysDev\documentation\Windows-texeditor\miktex-portable\texmfs\install\fonts\map\dvips\amsfonts\cm.map...
2018-05-23 08:45:10,160+0200 INFO  mkfntmap - Parsing D:\AnsysDev\documentation\Windows-texeditor\miktex-portable\texmfs\install\fonts\map\dvips\amsfonts\cmextra.map...
2018-05-23 08:45:10,176+0200 INFO  mkfntmap - Parsing D:\AnsysDev\documentation\Windows-texeditor\miktex-portable\texmfs\install\fonts\map\dvips\amsfonts\cyrillic.map...
2018-05-23 08:45:10,176+0200 INFO  mkfntmap - Parsing D:\AnsysDev\documentation\Windows-texeditor\miktex-portable\texmfs\install\fonts\map\dvips\amsfonts\euler.map...
2018-05-23 08:45:10,192+0200 INFO  mkfntmap - Parsing D:\AnsysDev\documentation\Windows-texeditor\miktex-portable\texmfs\install\dvips\eurosym\eurosym.map...
2018-05-23 08:45:10,207+0200 INFO  mkfntmap - Parsing D:\AnsysDev\documentation\Windows-texeditor\miktex-portable\texmfs\install\fonts\map\dvips\amsfonts\latxfont.map...
2018-05-23 08:45:10,223+0200 INFO  mkfntmap - Parsing D:\AnsysDev\documentation\Windows-texeditor\miktex-portable\texmfs\install\fonts\map\dvips\mflogo-font\mflogo.map...
2018-05-23 08:45:10,223+0200 INFO  mkfntmap - Parsing D:\AnsysDev\documentation\Windows-texeditor\miktex-portable\texmfs\install\fonts\map\dvips\rsfs\rsfs.map...
2018-05-23 08:45:10,238+0200 INFO  mkfntmap - Parsing D:\AnsysDev\documentation\Windows-texeditor\miktex-portable\texmfs\install\fonts\map\dvips\amsfonts\symbols.map...
2018-05-23 08:45:10,254+0200 INFO  mkfntmap - Parsing D:\AnsysDev\documentation\Windows-texeditor\miktex-portable\texmfs\install\fonts\map\dvips\xypic\xypic.map...
2018-05-23 08:45:10,379+0200 INFO  mkfntmap - Parsing D:\AnsysDev\documentation\Windows-texeditor\miktex-portable\texmfs\install\fonts\map\dvips\psnfss\charter.map...
2018-05-23 08:45:10,442+0200 INFO  mkfntmap - Parsing D:\AnsysDev\documentation\Windows-texeditor\miktex-portable\texmfs\install\fonts\map\dvips\psnfss\fpls.map...
2018-05-23 08:45:10,488+0200 INFO  mkfntmap - Parsing D:\AnsysDev\documentation\Windows-texeditor\miktex-portable\texmfs\install\fonts\map\dvips\lm\lm.map...
2018-05-23 08:45:10,551+0200 INFO  mkfntmap - Parsing D:\AnsysDev\documentation\Windows-texeditor\miktex-portable\texmfs\install\fonts\map\dvips\psnfss\pazo.map...
2018-05-23 08:45:10,551+0200 INFO  mkfntmap - Parsing D:\AnsysDev\documentation\Windows-texeditor\miktex-portable\texmfs\install\fonts\map\dvips\pslatex\pcrr8rn.map...
2018-05-23 08:45:10,567+0200 INFO  mkfntmap - Parsing D:\AnsysDev\documentation\Windows-texeditor\miktex-portable\texmfs\install\fonts\map\dvips\psnfss\psnfss.map...
2018-05-23 08:45:10,613+0200 INFO  mkfntmap - Parsing D:\AnsysDev\documentation\Windows-texeditor\miktex-portable\texmfs\install\fonts\map\dvips\avantgar\uag.map...
2018-05-23 08:45:10,613+0200 INFO  mkfntmap - Parsing D:\AnsysDev\documentation\Windows-texeditor\miktex-portable\texmfs\install\fonts\map\dvips\bookman\ubk.map...
2018-05-23 08:45:10,613+0200 INFO  mkfntmap - Parsing D:\AnsysDev\documentation\Windows-texeditor\miktex-portable\texmfs\install\fonts\map\dvips\courier\ucr.map...
2018-05-23 08:45:10,629+0200 INFO  mkfntmap - Parsing D:\AnsysDev\documentation\Windows-texeditor\miktex-portable\texmfs\install\fonts\map\dvips\helvetic\uhv.map...
2018-05-23 08:45:10,629+0200 INFO  mkfntmap - Parsing D:\AnsysDev\documentation\Windows-texeditor\miktex-portable\texmfs\install\fonts\map\dvips\ncntrsbk\unc.map...
2018-05-23 08:45:10,629+0200 INFO  mkfntmap - Parsing D:\AnsysDev\documentation\Windows-texeditor\miktex-portable\texmfs\install\fonts\map\dvips\palatino\upl.map...
2018-05-23 08:45:10,629+0200 INFO  mkfntmap - Parsing D:\AnsysDev\documentation\Windows-texeditor\miktex-portable\texmfs\install\fonts\map\dvips\times\utm.map...
2018-05-23 08:45:10,629+0200 INFO  mkfntmap - Parsing D:\AnsysDev\documentation\Windows-texeditor\miktex-portable\texmfs\install\fonts\map\dvips\psnfss\utopia.map...
2018-05-23 08:45:10,645+0200 INFO  mkfntmap - Parsing D:\AnsysDev\documentation\Windows-texeditor\miktex-portable\texmfs\install\fonts\map\dvips\zapfchan\uzc.map...
2018-05-23 08:45:10,645+0200 INFO  mkfntmap - Parsing D:\AnsysDev\documentation\Windows-texeditor\miktex-portable\texmfs\install\fonts\map\dvips\zapfding\uzd.map...
2018-05-23 08:45:10,660+0200 INFO  mkfntmap - Writing D:\AnsysDev\documentation\Windows-texeditor\miktex-portable\texmfs/data\dvips\config\ps2pk.map...
2018-05-23 08:45:10,754+0200 INFO  mkfntmap - Writing D:\AnsysDev\documentation\Windows-texeditor\miktex-portable\texmfs/data\dvips\config\download35.map...
2018-05-23 08:45:10,770+0200 INFO  mkfntmap - Writing D:\AnsysDev\documentation\Windows-texeditor\miktex-portable\texmfs/data\dvips\config\builtin35.map...
2018-05-23 08:45:10,770+0200 INFO  mkfntmap - Writing D:\AnsysDev\documentation\Windows-texeditor\miktex-portable\texmfs/data\dvips\config\psfonts_t1.map...
2018-05-23 08:45:10,770+0200 INFO  mkfntmap - Writing D:\AnsysDev\documentation\Windows-texeditor\miktex-portable\texmfs/data\dvips\config\psfonts_pk.map...
2018-05-23 08:45:10,785+0200 INFO  mkfntmap - Writing D:\AnsysDev\documentation\Windows-texeditor\miktex-portable\texmfs/data\pdftex\config\pdftex_ndl14.map...
2018-05-23 08:45:10,801+0200 INFO  mkfntmap - Writing D:\AnsysDev\documentation\Windows-texeditor\miktex-portable\texmfs/data\pdftex\config\pdftex_dl14.map...
2018-05-23 08:45:10,817+0200 INFO  mkfntmap - Writing D:\AnsysDev\documentation\Windows-texeditor\miktex-portable\texmfs/data\dvipdfm\config\dvipdfm_dl14.map...
2018-05-23 08:45:10,817+0200 INFO  mkfntmap - Writing D:\AnsysDev\documentation\Windows-texeditor\miktex-portable\texmfs/data\dvipdfm\config\dvipdfm_ndl14.map...
2018-05-23 08:45:10,832+0200 INFO  mkfntmap - Copying D:\AnsysDev\documentation\Windows-texeditor\miktex-portable\texmfs/data\dvips\config\psfonts_t1.map
2018-05-23 08:45:10,832+0200 INFO  mkfntmap -      to D:\AnsysDev\documentation\Windows-texeditor\miktex-portable\texmfs/data\dvips\config\psfonts.map...
2018-05-23 08:45:10,848+0200 INFO  mkfntmap - Copying D:\AnsysDev\documentation\Windows-texeditor\miktex-portable\texmfs/data\dvipdfm\config\dvipdfm_dl14.map
2018-05-23 08:45:10,848+0200 INFO  mkfntmap -      to D:\AnsysDev\documentation\Windows-texeditor\miktex-portable\texmfs/data\dvipdfm\config\dvipdfm.map...
2018-05-23 08:45:10,863+0200 INFO  mkfntmap - Copying D:\AnsysDev\documentation\Windows-texeditor\miktex-portable\texmfs/data\pdftex\config\pdftex_dl14.map
2018-05-23 08:45:10,863+0200 INFO  mkfntmap -      to D:\AnsysDev\documentation\Windows-texeditor\miktex-portable\texmfs/data\pdftex\config\pdftex.map...
2018-05-23 08:45:10,895+0200 INFO  mkfntmap - running: miktex-fc-cache
2018-05-23 08:45:38,674+0200 INFO  mkfntmap - finishing with exit code 0
2018-05-23 08:46:24,794+0200 INFO  mkfntmap - starting with command line: mkfntmap
2018-05-23 08:46:24,810+0200 INFO  mkfntmap - Parsing config file D:\AnsysDev\documentation\Windows-texeditor\miktex-portable\texmfs\install\miktex\config\updmap.cfg...
2018-05-23 08:46:24,810+0200 INFO  mkfntmap - Parsing D:\AnsysDev\documentation\Windows-texeditor\miktex-portable\texmfs\install\fonts\map\dvips\tetex\dvips35.map...
2018-05-23 08:46:24,826+0200 INFO  mkfntmap - Parsing D:\AnsysDev\documentation\Windows-texeditor\miktex-portable\texmfs\install\fonts\map\dvips\tetex\pdftex35.map...
2018-05-23 08:46:24,826+0200 INFO  mkfntmap - Parsing D:\AnsysDev\documentation\Windows-texeditor\miktex-portable\texmfs\install\fonts\map\dvips\tetex\dvipdfm35.map...
2018-05-23 08:46:24,841+0200 INFO  mkfntmap - Parsing D:\AnsysDev\documentation\Windows-texeditor\miktex-portable\texmfs\install\fonts\map\dvips\tetex\ps2pk35.map...
2018-05-23 08:46:24,841+0200 INFO  mkfntmap - Parsing D:\AnsysDev\documentation\Windows-texeditor\miktex-portable\texmfs\install\fonts\map\dvips\amsfonts\cm.map...
2018-05-23 08:46:24,841+0200 INFO  mkfntmap - Parsing D:\AnsysDev\documentation\Windows-texeditor\miktex-portable\texmfs\install\fonts\map\dvips\amsfonts\cmextra.map...
2018-05-23 08:46:24,841+0200 INFO  mkfntmap - Parsing D:\AnsysDev\documentation\Windows-texeditor\miktex-portable\texmfs\install\fonts\map\dvips\amsfonts\cyrillic.map...
2018-05-23 08:46:24,857+0200 INFO  mkfntmap - Parsing D:\AnsysDev\documentation\Windows-texeditor\miktex-portable\texmfs\install\fonts\map\dvips\amsfonts\euler.map...
2018-05-23 08:46:24,857+0200 INFO  mkfntmap - Parsing D:\AnsysDev\documentation\Windows-texeditor\miktex-portable\texmfs\install\dvips\eurosym\eurosym.map...
2018-05-23 08:46:24,857+0200 INFO  mkfntmap - Parsing D:\AnsysDev\documentation\Windows-texeditor\miktex-portable\texmfs\install\fonts\map\dvips\amsfonts\latxfont.map...
2018-05-23 08:46:24,857+0200 INFO  mkfntmap - Parsing D:\AnsysDev\documentation\Windows-texeditor\miktex-portable\texmfs\install\fonts\map\dvips\mflogo-font\mflogo.map...
2018-05-23 08:46:24,857+0200 INFO  mkfntmap - Parsing D:\AnsysDev\documentation\Windows-texeditor\miktex-portable\texmfs\install\fonts\map\dvips\rsfs\rsfs.map...
2018-05-23 08:46:24,857+0200 INFO  mkfntmap - Parsing D:\AnsysDev\documentation\Windows-texeditor\miktex-portable\texmfs\install\fonts\map\dvips\amsfonts\symbols.map...
2018-05-23 08:46:24,857+0200 INFO  mkfntmap - Parsing D:\AnsysDev\documentation\Windows-texeditor\miktex-portable\texmfs\install\fonts\map\dvips\xypic\xypic.map...
2018-05-23 08:46:24,888+0200 INFO  mkfntmap - Parsing D:\AnsysDev\documentation\Windows-texeditor\miktex-portable\texmfs\install\fonts\map\dvips\psnfss\charter.map...
2018-05-23 08:46:24,904+0200 INFO  mkfntmap - Parsing D:\AnsysDev\documentation\Windows-texeditor\miktex-portable\texmfs\install\fonts\map\dvips\psnfss\fpls.map...
2018-05-23 08:46:24,904+0200 INFO  mkfntmap - Parsing D:\AnsysDev\documentation\Windows-texeditor\miktex-portable\texmfs\install\fonts\map\dvips\lm\lm.map...
2018-05-23 08:46:24,935+0200 INFO  mkfntmap - Parsing D:\AnsysDev\documentation\Windows-texeditor\miktex-portable\texmfs\install\fonts\map\dvips\psnfss\pazo.map...
2018-05-23 08:46:24,935+0200 INFO  mkfntmap - Parsing D:\AnsysDev\documentation\Windows-texeditor\miktex-portable\texmfs\install\fonts\map\dvips\pslatex\pcrr8rn.map...
2018-05-23 08:46:24,935+0200 INFO  mkfntmap - Parsing D:\AnsysDev\documentation\Windows-texeditor\miktex-portable\texmfs\install\fonts\map\dvips\psnfss\psnfss.map...
2018-05-23 08:46:24,935+0200 INFO  mkfntmap - Parsing D:\AnsysDev\documentation\Windows-texeditor\miktex-portable\texmfs\install\fonts\map\dvips\avantgar\uag.map...
2018-05-23 08:46:24,935+0200 INFO  mkfntmap - Parsing D:\AnsysDev\documentation\Windows-texeditor\miktex-portable\texmfs\install\fonts\map\dvips\bookman\ubk.map...
2018-05-23 08:46:24,935+0200 INFO  mkfntmap - Parsing D:\AnsysDev\documentation\Windows-texeditor\miktex-portable\texmfs\install\fonts\map\dvips\courier\ucr.map...
2018-05-23 08:46:24,951+0200 INFO  mkfntmap - Parsing D:\AnsysDev\documentation\Windows-texeditor\miktex-portable\texmfs\install\fonts\map\dvips\helvetic\uhv.map...
2018-05-23 08:46:24,951+0200 INFO  mkfntmap - Parsing D:\AnsysDev\documentation\Windows-texeditor\miktex-portable\texmfs\install\fonts\map\dvips\ncntrsbk\unc.map...
2018-05-23 08:46:24,951+0200 INFO  mkfntmap - Parsing D:\AnsysDev\documentation\Windows-texeditor\miktex-portable\texmfs\install\fonts\map\dvips\palatino\upl.map...
2018-05-23 08:46:24,951+0200 INFO  mkfntmap - Parsing D:\AnsysDev\documentation\Windows-texeditor\miktex-portable\texmfs\install\fonts\map\dvips\times\utm.map...
2018-05-23 08:46:24,951+0200 INFO  mkfntmap - Parsing D:\AnsysDev\documentation\Windows-texeditor\miktex-portable\texmfs\install\fonts\map\dvips\psnfss\utopia.map...
2018-05-23 08:46:24,951+0200 INFO  mkfntmap - Parsing D:\AnsysDev\documentation\Windows-texeditor\miktex-portable\texmfs\install\fonts\map\dvips\zapfchan\uzc.map...
2018-05-23 08:46:24,951+0200 INFO  mkfntmap - Parsing D:\AnsysDev\documentation\Windows-texeditor\miktex-portable\texmfs\install\fonts\map\dvips\zapfding\uzd.map...
2018-05-23 08:46:24,951+0200 INFO  mkfntmap - Writing D:\AnsysDev\documentation\Windows-texeditor\miktex-portable\texmfs/data\dvips\config\ps2pk.map...
2018-05-23 08:46:24,966+0200 INFO  mkfntmap - Writing D:\AnsysDev\documentation\Windows-texeditor\miktex-portable\texmfs/data\dvips\config\download35.map...
2018-05-23 08:46:24,966+0200 INFO  mkfntmap - Writing D:\AnsysDev\documentation\Windows-texeditor\miktex-portable\texmfs/data\dvips\config\builtin35.map...
2018-05-23 08:46:24,982+0200 INFO  mkfntmap - Writing D:\AnsysDev\documentation\Windows-texeditor\miktex-portable\texmfs/data\dvips\config\psfonts_t1.map...
2018-05-23 08:46:24,997+0200 INFO  mkfntmap - Writing D:\AnsysDev\documentation\Windows-texeditor\miktex-portable\texmfs/data\dvips\config\psfonts_pk.map...
2018-05-23 08:46:24,997+0200 INFO  mkfntmap - Writing D:\AnsysDev\documentation\Windows-texeditor\miktex-portable\texmfs/data\pdftex\config\pdftex_ndl14.map...
2018-05-23 08:46:25,013+0200 INFO  mkfntmap - Writing D:\AnsysDev\documentation\Windows-texeditor\miktex-portable\texmfs/data\pdftex\config\pdftex_dl14.map...
2018-05-23 08:46:25,013+0200 INFO  mkfntmap - Writing D:\AnsysDev\documentation\Windows-texeditor\miktex-portable\texmfs/data\dvipdfm\config\dvipdfm_dl14.map...
2018-05-23 08:46:25,029+0200 INFO  mkfntmap - Writing D:\AnsysDev\documentation\Windows-texeditor\miktex-portable\texmfs/data\dvipdfm\config\dvipdfm_ndl14.map...
2018-05-23 08:46:25,029+0200 INFO  mkfntmap - Copying D:\AnsysDev\documentation\Windows-texeditor\miktex-portable\texmfs/data\dvips\config\psfonts_t1.map
2018-05-23 08:46:25,029+0200 INFO  mkfntmap -      to D:\AnsysDev\documentation\Windows-texeditor\miktex-portable\texmfs/data\dvips\config\psfonts.map...
2018-05-23 08:46:25,060+0200 INFO  mkfntmap - Copying D:\AnsysDev\documentation\Windows-texeditor\miktex-portable\texmfs/data\dvipdfm\config\dvipdfm_dl14.map
2018-05-23 08:46:25,060+0200 INFO  mkfntmap -      to D:\AnsysDev\documentation\Windows-texeditor\miktex-portable\texmfs/data\dvipdfm\config\dvipdfm.map...
2018-05-23 08:46:25,060+0200 INFO  mkfntmap - Copying D:\AnsysDev\documentation\Windows-texeditor\miktex-portable\texmfs/data\pdftex\config\pdftex_dl14.map
2018-05-23 08:46:25,060+0200 INFO  mkfntmap -      to D:\AnsysDev\documentation\Windows-texeditor\miktex-portable\texmfs/data\pdftex\config\pdftex.map...
2018-05-23 08:46:25,091+0200 INFO  mkfntmap - running: miktex-fc-cache
2018-05-23 08:46:25,529+0200 INFO  mkfntmap - finishing with exit code 0
